<?xml version="1.0" encoding="UTF-8"?>
<!-- Generated by org.testng.reporters.JUnitXMLReporter -->
<testsuite ignored="0" hostname="LAPTOP-H7D89UKD" failures="1" tests="2" name="Smoke Test" time="0.061" errors="0" timestamp="2023-06-07T19:36:45 IST">
  <testcase classname="frameworkConcept.SubmitOrderTest" name="SubmitOrder" time="0.0">
    <failure type="org.testng.TestNGException" message="
Cannot inject @Test annotated Method [SubmitOrder] with [class java.util.HashMap].
For more information on native dependency injection please refer to https://testng.org/doc/documentation-main.html#native-dependency-injection">
      <![CDATA[org.testng.TestNGException: 
Cannot inject @Test annotated Method [SubmitOrder] with [class java.util.HashMap].
For more information on native dependency injection please refer to https://testng.org/doc/documentation-main.html#native-dependency-injection
at java.base/java.util.ArrayList.forEach(ArrayList.java:1511)
... Removed 26 stack frames]]>
    </failure>
  </testcase> <!-- SubmitOrder -->
  <testcase classname="frameworkConcept.SubmitOrderTest" name="OrderHistoryTest" time="0.001">
    <skipped/>
  </testcase> <!-- OrderHistoryTest -->
</testsuite> <!-- Smoke Test -->
